Arguments: 
  /home/kamila/.nvm/versions/node/v9.7.1/bin/node /home/kamila/.nvm/versions/node/v9.7.1/bin/yarn create-react-app redux-weather-app

PATH: 
  /home/kamila/.rvm/gems/ruby-2.4.1/bin:/home/kamila/.rvm/gems/ruby-2.4.1@global/bin:/home/kamila/.rvm/rubies/ruby-2.4.1/bin:/home/kamila/.nvm/versions/node/v9.7.1/bin:/home/kamila/bin:/home/kamila/.local/bin:/usr/local/sbin:/usr/local/bin:/usr/sbin:/usr/bin:/sbin:/bin:/usr/games:/usr/local/games:/snap/bin:/usr/lib/jvm/java-9-oracle/bin:/usr/lib/jvm/java-9-oracle/db/bin:/home/kamila/.rvm/bin:/home/kamila/.rvm/bin:/home/kamila/node_modules/.bin

Yarn version: 
  1.5.1

Node version: 
  9.7.1

Platform: 
  linux x64

npm manifest: 
  No manifest

yarn manifest: 
  No manifest

Lockfile: 
  No lockfile

Trace: 
  Error: Couldn't find a package.json file in "/home/kamila/WORK/Education"
      at new MessageError (/home/kamila/.nvm/versions/node/v9.7.1/lib/node_modules/yarn/lib/cli.js:186:110)
      at /home/kamila/.nvm/versions/node/v9.7.1/lib/node_modules/yarn/lib/cli.js:40048:15
      at Generator.next (<anonymous>)
      at step (/home/kamila/.nvm/versions/node/v9.7.1/lib/node_modules/yarn/lib/cli.js:98:30)
      at /home/kamila/.nvm/versions/node/v9.7.1/lib/node_modules/yarn/lib/cli.js:109:13
      at <anonymous>
