Arguments: 
  /home/kamila/.nvm/versions/node/v9.7.1/bin/node /home/kamila/.nvm/versions/node/v9.7.1/bin/yarn add --save react-router-dom

PATH: 
  /home/kamila/.rvm/gems/ruby-2.4.1/bin:/home/kamila/.rvm/gems/ruby-2.4.1@global/bin:/home/kamila/.rvm/rubies/ruby-2.4.1/bin:/home/kamila/.nvm/versions/node/v9.7.1/bin:/home/kamila/bin:/home/kamila/.local/bin:/usr/local/sbin:/usr/local/bin:/usr/sbin:/usr/bin:/sbin:/bin:/usr/games:/usr/local/games:/snap/bin:/usr/lib/jvm/java-9-oracle/bin:/usr/lib/jvm/java-9-oracle/db/bin:/home/kamila/.rvm/bin:/home/kamila/.rvm/bin:/home/kamila/Desktop/Learning_Code_Folders_Temporary/Udemy_Redux_Routing_BlogApp/node_modules/.bin

Yarn version: 
  1.5.1

Node version: 
  9.7.1

Platform: 
  linux x64

npm manifest: 
  {
    "name": "redux-simple-starter",
    "version": "1.0.0",
    "description": "Simple starter package for Redux with React and Babel support",
    "main": "index.js",
    "repository": "git@github.com:StephenGrider/ReduxSimpleStarter.git",
    "scripts": {
      "start": "node ./node_modules/webpack-dev-server/bin/webpack-dev-server.js",
      "test": "mocha --compilers js:babel-core/register --require ./test/test_helper.js --recursive ./test",
      "test:watch": "npm run test -- --watch",
      "build": "webpack -p --define process.env.NODE_ENV='\"production\"' --progress --colors"
    },
    "author": "",
    "license": "ISC",
    "devDependencies": {
      "babel-core": "^6.2.1",
      "babel-loader": "^6.2.0",
      "babel-preset-es2015": "^6.1.18",
      "babel-preset-react": "^6.1.18",
      "webpack": "^1.12.9",
      "webpack-dev-server": "^1.14.0"
    },
    "dependencies": {
      "babel-preset-stage-1": "^6.1.18",
      "lodash": "^3.10.1",
      "react": "16.3.2",
      "react-dom": "16.3.2",
      "react-redux": "5.0.7",
      "redux": "4.0.0"
    }
  }

yarn manifest: 
  No manifest

Lockfile: 
  No lockfile

Trace: 
  Error: Missing list of packages to add to your project.
      at new MessageError (/home/kamila/.nvm/versions/node/v9.7.1/lib/node_modules/yarn/lib/cli.js:186:110)
      at Object.<anonymous> (/home/kamila/.nvm/versions/node/v9.7.1/lib/node_modules/yarn/lib/cli.js:40587:13)
      at Generator.next (<anonymous>)
      at step (/home/kamila/.nvm/versions/node/v9.7.1/lib/node_modules/yarn/lib/cli.js:98:30)
      at /home/kamila/.nvm/versions/node/v9.7.1/lib/node_modules/yarn/lib/cli.js:116:14
      at new Promise (<anonymous>)
      at new F (/home/kamila/.nvm/versions/node/v9.7.1/lib/node_modules/yarn/lib/cli.js:23451:28)
      at Object.<anonymous> (/home/kamila/.nvm/versions/node/v9.7.1/lib/node_modules/yarn/lib/cli.js:95:12)
      at Object.run (/home/kamila/.nvm/versions/node/v9.7.1/lib/node_modules/yarn/lib/cli.js:40599:19)
      at run (/home/kamila/.nvm/versions/node/v9.7.1/lib/node_modules/yarn/lib/cli.js:89113:20)
